<?xml version="1.0" encoding="UTF-8"?>
<!-- Generated by org.testng.reporters.JUnitReportReporter -->
<testsuite hostname="DESKTOP-KVOUA9J" failures="0" tests="1" name="RahulPractice.ExtesddsntReports" time="6.676" errors="0" timestamp="2022-12-21T00:10:47 IST" skipped="0">
  <testcase classname="RahulPractice.ExtesddsntReports" name="start" time="6.676"/>
  <system-out/>
</testsuite> <!-- RahulPractice.ExtesddsntReports -->
