<?xml version="1.0" encoding="UTF-8"?>
<!-- Generated by org.testng.reporters.JUnitReportReporter -->
<testsuite hostname="DESKTOP-KVOUA9J" failures="0" tests="1" name="RahulPractice.ui$re" time="0.421" errors="0" timestamp="2022-12-31T23:34:59 IST" skipped="0">
  <testcase classname="RahulPractice.ui$re" name="sm" time="0.421"/>
  <system-out/>
</testsuite> <!-- RahulPractice.ui$re -->
