<?xml version="1.0" encoding="UTF-8"?>
<!-- Generated by org.testng.reporters.JUnitReportReporter -->
<testsuite hostname="DESKTOP-KVOUA9J" failures="0" tests="2" name="Design.Useofhashmapinselenium" time="6.117" errors="0" timestamp="2022-12-25T23:19:38 IST" skipped="0">
  <testcase classname="Design.Useofhashmapinselenium" name="setupfacebook" time="2.500"/>
  <system-out/>
  <testcase classname="Design.Useofhashmapinselenium" name="setupfacebook" time="3.617"/>
  <system-out/>
</testsuite> <!-- Design.Useofhashmapinselenium -->
